
**** Build of configuration Release UNO for project WirelessNet_Module ****

make all 
Building file: ../network.cpp
Invoking: AVR C++ Compiler
avr-g++ -I"D:\wireless-network\Arduino\ArduinoCore" -DUNO -w -Os -ffunction-sections -fdata-sections -fno-exceptions -DARDUINO=22 -g -mmcu=atmega328p -DF_CPU=16000000UL -MMD -MP -MF"network.d" -MT"network.d" -c -o "network.o" "../network.cpp"
Finished building: ../network.cpp
 
Building target: WirelessNet_Module.elf
Invoking: AVR C++ Linker
avr-g++ -s -Os -Wl,--gc-sections -o"WirelessNet_Module.elf"  ./main.o ./network.o ./storage.o  ./libraries/SPI/SPI.o  ./libraries/RF24/RF24.o  ./libraries/EEPROM/EEPROM.o   -lArduinoCore -lm -Wl,-Map,WirelessNet_Module.map,--cref -L../../ArduinoCore/Release/ -mmcu=atmega328p
Finished building target: WirelessNet_Module.elf
 
Create Flash image (ihex format)
avr-objcopy -R .eeprom -O ihex WirelessNet_Module.elf  "WirelessNet_Module.hex"
Finished building: WirelessNet_Module.hex
 
Invoking: Print Size
avr-size --format=avr --mcu=atmega328p WirelessNet_Module.elf
AVR Memory Usage
----------------
Device: atmega328p

Program:   11576 bytes (35.3% Full)
(.text + .data + .bootloader)

Data:       1738 bytes (84.9% Full)
(.data + .bss + .noinit)


Finished building: sizedummy
 

**** Build Finished ****
