
**** Build of configuration Release for project RF24-GettingStarted ****

make all 
Building file: ../libraries/RF24/RF24.cpp
Invoking: AVR C++ Compiler
avr-g++ -I"D:\wireless-Network\Arduino1\ArduinoCore" -w -Os -ffunction-sections -fdata-sections -fno-exceptions -DARDUINO=22 -g -mmcu=atmega328p -DF_CPU=16000000UL -MMD -MP -MF"libraries/RF24/RF24.d" -MT"libraries/RF24/RF24.d" -c -o "libraries/RF24/RF24.o" "../libraries/RF24/RF24.cpp"
Finished building: ../libraries/RF24/RF24.cpp
 
Building target: RF24-GettingStarted.elf
Invoking: AVR C++ Linker
avr-g++ -s -Os -Wl,--gc-sections -o"RF24-GettingStarted.elf"  ./main.o  ./libraries/SPI/SPI.o  ./libraries/RF24/RF24.o   -lArduinoCore -lm -Wl,-Map,RF24-GettingStarted.map,--cref -L../../ArduinoCore/Release/ -mmcu=atmega328p
Finished building target: RF24-GettingStarted.elf
 
Create Flash image (ihex format)
avr-objcopy -R .eeprom -O ihex RF24-GettingStarted.elf  "RF24-GettingStarted.hex"
Finished building: RF24-GettingStarted.hex
 
Invoking: Print Size
avr-size --format=avr --mcu=atmega328p RF24-GettingStarted.elf
AVR Memory Usage
----------------
Device: atmega328p

Program:    8294 bytes (25.3% Full)
(.text + .data + .bootloader)

Data:       1048 bytes (51.2% Full)
(.data + .bss + .noinit)


Finished building: sizedummy
 

**** Build Finished ****
