C51 COMPILER V8.06   INDEX                                                                 05/02/2008 22:28:52 PAGE 1   


C51 COMPILER V8.06, COMPILATION OF MODULE INDEX
OBJECT MODULE PLACED IN index.OBJ
COMPILER INVOKED BY: C:\Keil8\C51\Bin\C51.exe index.c DB OE LARGE

line level    source

   1          /* This file was created by the HTML2C utility. */
   2          
   3          #define INDEX_C_INC     1
   4          #include "index.h"
   5          
   6          cmx_const byte index_html[]=
   7          {
   8           0x3c, 0x68, 0x74, 0x6d, 0x6c, 0x3e, 0x0d, 0x0a, 0x3c, 0x68, 0x65, 0x61,
   9           0x64, 0x3e, 0x3c, 0x74, 0x69, 0x74, 0x6c, 0x65, 0x3e, 0x48, 0x65, 0x6c,
  10           0x6c, 0x6f, 0x20, 0x57, 0x6f, 0x72, 0x6c, 0x64, 0x3c, 0x2f, 0x74, 0x69,
  11           0x74, 0x6c, 0x65, 0x3e, 0x3c, 0x68, 0x65, 0x61, 0x64, 0x3e, 0x0d, 0x0a,
  12           0x0d, 0x0a, 0x3c, 0x62, 0x6f, 0x64, 0x79, 0x20, 0x62, 0x67, 0x63, 0x6f,
  13           0x6c, 0x6f, 0x72, 0x3d, 0x22, 0x67, 0x72, 0x65, 0x65, 0x6e, 0x22, 0x20,
  14           0x74, 0x65, 0x78, 0x74, 0x3d, 0x22, 0x77, 0x68, 0x69, 0x74, 0x65, 0x22,
  15           0x20, 0x6c, 0x69, 0x6e, 0x6b, 0x3d, 0x22, 0x79, 0x65, 0x6c, 0x6c, 0x6f,
  16           0x77, 0x22, 0x20, 0x76, 0x6c, 0x69, 0x6e, 0x6b, 0x3d, 0x22, 0x72, 0x65,
  17           0x64, 0x22, 0x20, 0x61, 0x6c, 0x69, 0x6e, 0x6b, 0x3d, 0x22, 0x62, 0x6c,
  18           0x75, 0x65, 0x22, 0x3e, 0x0d, 0x0a, 0x3c, 0x68, 0x31, 0x3e, 0x48, 0x65,
  19           0x6c, 0x6c, 0x6f, 0x20, 0x57, 0x6f, 0x72, 0x6c, 0x64, 0x21, 0x3c, 0x2f,
  20           0x68, 0x31, 0x3e, 0x20, 0x20, 0x3c, 0x62, 0x72, 0x3e, 0x3c, 0x62, 0x72,
  21           0x3e, 0x0d, 0x0a, 0x3c, 0x42, 0x3e, 0x54, 0x68, 0x69, 0x73, 0x20, 0x70,
  22           0x61, 0x67, 0x65, 0x20, 0x69, 0x73, 0x20, 0x73, 0x65, 0x72, 0x76, 0x65,
  23           0x64, 0x20, 0x66, 0x72, 0x6f, 0x6d, 0x20, 0x61, 0x6e, 0x20, 0x4d, 0x43,
  24           0x55, 0x20, 0x61, 0x6e, 0x64, 0x20, 0x75, 0x73, 0x65, 0x73, 0x20, 0x74,
  25           0x68, 0x65, 0x20, 0x53, 0x69, 0x6c, 0x69, 0x63, 0x6f, 0x6e, 0x20, 0x4c,
  26           0x61, 0x62, 0x6f, 0x72, 0x61, 0x74, 0x6f, 0x72, 0x69, 0x65, 0x73, 0x20,
  27           0x54, 0x43, 0x50, 0x2f, 0x49, 0x50, 0x20, 0x73, 0x74, 0x61, 0x63, 0x6b,
  28           0x2e, 0x3c, 0x2f, 0x42, 0x3e, 0x0d, 0x0a, 0x3c, 0x2f, 0x62, 0x6f, 0x64,
  29           0x79, 0x3e, 0x0d, 0x0a, 0x3c, 0x2f, 0x68, 0x74, 0x6d, 0x6c, 0x3e, 0x0d,
  30           0x0a,
  31          };


MODULE INFORMATION:   STATIC OVERLAYABLE
   CODE SIZE        =   ----    ----
   CONSTANT SIZE    =    265    ----
   XDATA SIZE       =   ----    ----
   PDATA SIZE       =   ----    ----
   DATA SIZE        =   ----    ----
   IDATA SIZE       =   ----    ----
   BIT SIZE         =   ----    ----
END OF MODULE INFORMATION.


C51 COMPILATION COMPLETE.  0 WARNING(S),  0 ERROR(S)
